{"/Users/nickbianco/Desktop/Software Portfolio/expedite/src/array/Chunk.js": {"path":"/Users/nickbianco/Desktop/Software Portfolio/expedite/src/array/Chunk.js","statementMap":{"0":{"start":{"line":5,"column":14},"end":{"line":18,"column":1}},"1":{"start":{"line":6,"column":18},"end":{"line":6,"column":20}},"2":{"start":{"line":8,"column":2},"end":{"line":15,"column":5}},"3":{"start":{"line":9,"column":15},"end":{"line":9,"column":42}},"4":{"start":{"line":10,"column":4},"end":{"line":14,"column":5}},"5":{"start":{"line":11,"column":6},"end":{"line":11,"column":26}},"6":{"start":{"line":13,"column":6},"end":{"line":13,"column":21}},"7":{"start":{"line":17,"column":2},"end":{"line":17,"column":17}}},"fnMap":{"0":{"name":"(anonymous_0)","decl":{"start":{"line":5,"column":14},"end":{"line":5,"column":15}},"loc":{"start":{"line":5,"column":32},"end":{"line":18,"column":1}},"line":5},"1":{"name":"(anonymous_1)","decl":{"start":{"line":8,"column":15},"end":{"line":8,"column":16}},"loc":{"start":{"line":8,"column":24},"end":{"line":15,"column":3}},"line":8}},"branchMap":{"0":{"loc":{"start":{"line":10,"column":4},"end":{"line":14,"column":5}},"type":"if","locations":[{"start":{"line":10,"column":4},"end":{"line":14,"column":5}},{"start":{"line":10,"column":4},"end":{"line":14,"column":5}}],"line":10},"1":{"loc":{"start":{"line":10,"column":8},"end":{"line":10,"column":39}},"type":"binary-expr","locations":[{"start":{"line":10,"column":8},"end":{"line":10,"column":13}},{"start":{"line":10,"column":17},"end":{"line":10,"column":39}}],"line":10}},"s":{"0":1,"1":2,"2":2,"3":4,"4":4,"5":2,"6":2,"7":2},"f":{"0":2,"1":4},"b":{"0":[2,2],"1":[4,3]},"_coverageSchema":"1a1c01bbd47fc00a2c39e90264f33305004495a9","hash":"d13fe9e5f37c6628a52663fc15323604ae44c18c"}
,"/Users/nickbianco/Desktop/Software Portfolio/expedite/src/array/Compact.js": {"path":"/Users/nickbianco/Desktop/Software Portfolio/expedite/src/array/Compact.js","statementMap":{"0":{"start":{"line":4,"column":16},"end":{"line":6,"column":1}},"1":{"start":{"line":5,"column":2},"end":{"line":5,"column":40}},"2":{"start":{"line":5,"column":34},"end":{"line":5,"column":38}}},"fnMap":{"0":{"name":"(anonymous_0)","decl":{"start":{"line":4,"column":16},"end":{"line":4,"column":17}},"loc":{"start":{"line":4,"column":29},"end":{"line":6,"column":1}},"line":4},"1":{"name":"(anonymous_1)","decl":{"start":{"line":5,"column":24},"end":{"line":5,"column":25}},"loc":{"start":{"line":5,"column":34},"end":{"line":5,"column":38}},"line":5}},"branchMap":{},"s":{"0":1,"1":2,"2":5},"f":{"0":2,"1":5},"b":{},"_coverageSchema":"1a1c01bbd47fc00a2c39e90264f33305004495a9","hash":"0df0cf872672035357e7217133d25c8fff311a4a"}
,"/Users/nickbianco/Desktop/Software Portfolio/expedite/src/array/Concat.js": {"path":"/Users/nickbianco/Desktop/Software Portfolio/expedite/src/array/Concat.js","statementMap":{"0":{"start":{"line":5,"column":15},"end":{"line":17,"column":1}},"1":{"start":{"line":6,"column":22},"end":{"line":6,"column":33}},"2":{"start":{"line":8,"column":2},"end":{"line":14,"column":5}},"3":{"start":{"line":9,"column":4},"end":{"line":13,"column":5}},"4":{"start":{"line":10,"column":6},"end":{"line":10,"column":48}},"5":{"start":{"line":10,"column":29},"end":{"line":10,"column":46}},"6":{"start":{"line":12,"column":6},"end":{"line":12,"column":26}},"7":{"start":{"line":16,"column":2},"end":{"line":16,"column":17}}},"fnMap":{"0":{"name":"(anonymous_0)","decl":{"start":{"line":5,"column":15},"end":{"line":5,"column":16}},"loc":{"start":{"line":5,"column":39},"end":{"line":17,"column":1}},"line":5},"1":{"name":"(anonymous_1)","decl":{"start":{"line":8,"column":22},"end":{"line":8,"column":23}},"loc":{"start":{"line":8,"column":33},"end":{"line":14,"column":3}},"line":8},"2":{"name":"(anonymous_2)","decl":{"start":{"line":10,"column":20},"end":{"line":10,"column":21}},"loc":{"start":{"line":10,"column":29},"end":{"line":10,"column":46}},"line":10}},"branchMap":{"0":{"loc":{"start":{"line":9,"column":4},"end":{"line":13,"column":5}},"type":"if","locations":[{"start":{"line":9,"column":4},"end":{"line":13,"column":5}},{"start":{"line":9,"column":4},"end":{"line":13,"column":5}}],"line":9}},"s":{"0":1,"1":2,"2":2,"3":3,"4":2,"5":2,"6":1,"7":2},"f":{"0":2,"1":3,"2":2},"b":{"0":[2,1]},"_coverageSchema":"1a1c01bbd47fc00a2c39e90264f33305004495a9","hash":"c60a757a5ad0bd22900af377de9918d19eeeda55"}
,"/Users/nickbianco/Desktop/Software Portfolio/expedite/src/array/Drop.js": {"path":"/Users/nickbianco/Desktop/Software Portfolio/expedite/src/array/Drop.js","statementMap":{"0":{"start":{"line":4,"column":13},"end":{"line":6,"column":1}},"1":{"start":{"line":5,"column":2},"end":{"line":5,"column":51}},"2":{"start":{"line":5,"column":39},"end":{"line":5,"column":49}}},"fnMap":{"0":{"name":"(anonymous_0)","decl":{"start":{"line":4,"column":13},"end":{"line":4,"column":14}},"loc":{"start":{"line":4,"column":35},"end":{"line":6,"column":1}},"line":4},"1":{"name":"(anonymous_1)","decl":{"start":{"line":5,"column":24},"end":{"line":5,"column":25}},"loc":{"start":{"line":5,"column":39},"end":{"line":5,"column":49}},"line":5}},"branchMap":{"0":{"loc":{"start":{"line":4,"column":23},"end":{"line":4,"column":30}},"type":"default-arg","locations":[{"start":{"line":4,"column":29},"end":{"line":4,"column":30}}],"line":4}},"s":{"0":1,"1":2,"2":3},"f":{"0":2,"1":3},"b":{"0":[1]},"_coverageSchema":"1a1c01bbd47fc00a2c39e90264f33305004495a9","hash":"6e1ffb96e90edbcf05b120804727a34847fa76f2"}
,"/Users/nickbianco/Desktop/Software Portfolio/expedite/src/array/Fill.js": {"path":"/Users/nickbianco/Desktop/Software Portfolio/expedite/src/array/Fill.js","statementMap":{"0":{"start":{"line":4,"column":13},"end":{"line":7,"column":1}},"1":{"start":{"line":5,"column":2},"end":{"line":5,"column":59}},"2":{"start":{"line":5,"column":37},"end":{"line":5,"column":56}},"3":{"start":{"line":6,"column":2},"end":{"line":6,"column":17}}},"fnMap":{"0":{"name":"(anonymous_0)","decl":{"start":{"line":4,"column":13},"end":{"line":4,"column":14}},"loc":{"start":{"line":4,"column":32},"end":{"line":7,"column":1}},"line":4},"1":{"name":"(anonymous_1)","decl":{"start":{"line":5,"column":18},"end":{"line":5,"column":19}},"loc":{"start":{"line":5,"column":37},"end":{"line":5,"column":56}},"line":5}},"branchMap":{},"s":{"0":1,"1":2,"2":3,"3":2},"f":{"0":2,"1":3},"b":{},"_coverageSchema":"1a1c01bbd47fc00a2c39e90264f33305004495a9","hash":"3d70571106e7ca53bca56d21b95e0925be446445"}
,"/Users/nickbianco/Desktop/Software Portfolio/expedite/src/array/Flatten.js": {"path":"/Users/nickbianco/Desktop/Software Portfolio/expedite/src/array/Flatten.js","statementMap":{"0":{"start":{"line":3,"column":16},"end":{"line":15,"column":1}},"1":{"start":{"line":4,"column":17},"end":{"line":4,"column":19}},"2":{"start":{"line":6,"column":2},"end":{"line":12,"column":5}},"3":{"start":{"line":7,"column":4},"end":{"line":11,"column":5}},"4":{"start":{"line":8,"column":6},"end":{"line":8,"column":51}},"5":{"start":{"line":10,"column":6},"end":{"line":10,"column":29}},"6":{"start":{"line":14,"column":2},"end":{"line":14,"column":18}}},"fnMap":{"0":{"name":"(anonymous_0)","decl":{"start":{"line":3,"column":16},"end":{"line":3,"column":17}},"loc":{"start":{"line":3,"column":29},"end":{"line":15,"column":1}},"line":3},"1":{"name":"(anonymous_1)","decl":{"start":{"line":6,"column":18},"end":{"line":6,"column":19}},"loc":{"start":{"line":6,"column":31},"end":{"line":12,"column":3}},"line":6}},"branchMap":{"0":{"loc":{"start":{"line":7,"column":4},"end":{"line":11,"column":5}},"type":"if","locations":[{"start":{"line":7,"column":4},"end":{"line":11,"column":5}},{"start":{"line":7,"column":4},"end":{"line":11,"column":5}}],"line":7}},"s":{"0":1,"1":5,"2":5,"3":11,"4":2,"5":9,"6":5},"f":{"0":5,"1":11},"b":{"0":[2,9]},"_coverageSchema":"1a1c01bbd47fc00a2c39e90264f33305004495a9","hash":"78d9a6430bc6720e68ca44f2d551d41f03b7fdd6"}
,"/Users/nickbianco/Desktop/Software Portfolio/expedite/src/array/ItemRemoveAll.js": {"path":"/Users/nickbianco/Desktop/Software Portfolio/expedite/src/array/ItemRemoveAll.js","statementMap":{"0":{"start":{"line":4,"column":22},"end":{"line":7,"column":1}},"1":{"start":{"line":5,"column":2},"end":{"line":5,"column":37}},"2":{"start":{"line":5,"column":25},"end":{"line":5,"column":37}},"3":{"start":{"line":6,"column":2},"end":{"line":6,"column":52}},"4":{"start":{"line":6,"column":31},"end":{"line":6,"column":50}}},"fnMap":{"0":{"name":"(anonymous_0)","decl":{"start":{"line":4,"column":22},"end":{"line":4,"column":23}},"loc":{"start":{"line":4,"column":44},"end":{"line":7,"column":1}},"line":4},"1":{"name":"(anonymous_1)","decl":{"start":{"line":6,"column":21},"end":{"line":6,"column":22}},"loc":{"start":{"line":6,"column":31},"end":{"line":6,"column":50}},"line":6}},"branchMap":{"0":{"loc":{"start":{"line":5,"column":2},"end":{"line":5,"column":37}},"type":"if","locations":[{"start":{"line":5,"column":2},"end":{"line":5,"column":37}},{"start":{"line":5,"column":2},"end":{"line":5,"column":37}}],"line":5}},"s":{"0":1,"1":3,"2":1,"3":2,"4":10},"f":{"0":3,"1":10},"b":{"0":[1,2]},"_coverageSchema":"1a1c01bbd47fc00a2c39e90264f33305004495a9","hash":"aa98374fe7665fee4c93c14bc55063c395440da2"}
,"/Users/nickbianco/Desktop/Software Portfolio/expedite/src/array/Join.js": {"path":"/Users/nickbianco/Desktop/Software Portfolio/expedite/src/array/Join.js","statementMap":{"0":{"start":{"line":5,"column":13},"end":{"line":18,"column":1}},"1":{"start":{"line":6,"column":2},"end":{"line":6,"column":43}},"2":{"start":{"line":6,"column":28},"end":{"line":6,"column":43}},"3":{"start":{"line":7,"column":17},"end":{"line":7,"column":19}},"4":{"start":{"line":9,"column":10},"end":{"line":9,"column":11}},"5":{"start":{"line":10,"column":2},"end":{"line":15,"column":3}},"6":{"start":{"line":11,"column":17},"end":{"line":11,"column":27}},"7":{"start":{"line":12,"column":29},"end":{"line":12,"column":50}},"8":{"start":{"line":13,"column":4},"end":{"line":13,"column":33}},"9":{"start":{"line":14,"column":4},"end":{"line":14,"column":8}},"10":{"start":{"line":17,"column":2},"end":{"line":17,"column":54}}},"fnMap":{"0":{"name":"(anonymous_0)","decl":{"start":{"line":5,"column":13},"end":{"line":5,"column":14}},"loc":{"start":{"line":5,"column":37},"end":{"line":18,"column":1}},"line":5}},"branchMap":{"0":{"loc":{"start":{"line":6,"column":2},"end":{"line":6,"column":43}},"type":"if","locations":[{"start":{"line":6,"column":2},"end":{"line":6,"column":43}},{"start":{"line":6,"column":2},"end":{"line":6,"column":43}}],"line":6}},"s":{"0":1,"1":2,"2":1,"3":1,"4":1,"5":1,"6":2,"7":2,"8":2,"9":2,"10":1},"f":{"0":2},"b":{"0":[1,1]},"_coverageSchema":"1a1c01bbd47fc00a2c39e90264f33305004495a9","hash":"4143ee4705cd00aa94e639c1e6d8b51c5c8a0f0e"}
,"/Users/nickbianco/Desktop/Software Portfolio/expedite/src/array/LastIndexOf.js": {"path":"/Users/nickbianco/Desktop/Software Portfolio/expedite/src/array/LastIndexOf.js","statementMap":{"0":{"start":{"line":4,"column":20},"end":{"line":12,"column":1}},"1":{"start":{"line":5,"column":2},"end":{"line":5,"column":41}},"2":{"start":{"line":5,"column":31},"end":{"line":5,"column":41}},"3":{"start":{"line":6,"column":10},"end":{"line":6,"column":28}},"4":{"start":{"line":7,"column":2},"end":{"line":11,"column":3}},"5":{"start":{"line":8,"column":24},"end":{"line":8,"column":34}},"6":{"start":{"line":9,"column":4},"end":{"line":9,"column":39}},"7":{"start":{"line":9,"column":30},"end":{"line":9,"column":39}},"8":{"start":{"line":10,"column":4},"end":{"line":10,"column":8}}},"fnMap":{"0":{"name":"(anonymous_0)","decl":{"start":{"line":4,"column":20},"end":{"line":4,"column":21}},"loc":{"start":{"line":4,"column":39},"end":{"line":12,"column":1}},"line":4}},"branchMap":{"0":{"loc":{"start":{"line":5,"column":2},"end":{"line":5,"column":41}},"type":"if","locations":[{"start":{"line":5,"column":2},"end":{"line":5,"column":41}},{"start":{"line":5,"column":2},"end":{"line":5,"column":41}}],"line":5},"1":{"loc":{"start":{"line":9,"column":4},"end":{"line":9,"column":39}},"type":"if","locations":[{"start":{"line":9,"column":4},"end":{"line":9,"column":39}},{"start":{"line":9,"column":4},"end":{"line":9,"column":39}}],"line":9}},"s":{"0":1,"1":4,"2":3,"3":1,"4":1,"5":1,"6":1,"7":1,"8":0},"f":{"0":4},"b":{"0":[3,1],"1":[1,0]},"_coverageSchema":"1a1c01bbd47fc00a2c39e90264f33305004495a9","hash":"a225a53320a6c441375312f3b31e1afd1bfb293e"}
,"/Users/nickbianco/Desktop/Software Portfolio/expedite/src/array/PullAt.js": {"path":"/Users/nickbianco/Desktop/Software Portfolio/expedite/src/array/PullAt.js","statementMap":{"0":{"start":{"line":5,"column":15},"end":{"line":10,"column":1}},"1":{"start":{"line":6,"column":2},"end":{"line":6,"column":45}},"2":{"start":{"line":6,"column":29},"end":{"line":6,"column":45}},"3":{"start":{"line":7,"column":2},"end":{"line":9,"column":5}},"4":{"start":{"line":8,"column":4},"end":{"line":8,"column":51}},"5":{"start":{"line":8,"column":36},"end":{"line":8,"column":49}}},"fnMap":{"0":{"name":"(anonymous_0)","decl":{"start":{"line":5,"column":15},"end":{"line":5,"column":16}},"loc":{"start":{"line":5,"column":38},"end":{"line":10,"column":1}},"line":5},"1":{"name":"(anonymous_1)","decl":{"start":{"line":7,"column":25},"end":{"line":7,"column":26}},"loc":{"start":{"line":7,"column":40},"end":{"line":9,"column":3}},"line":7},"2":{"name":"(anonymous_2)","decl":{"start":{"line":8,"column":25},"end":{"line":8,"column":26}},"loc":{"start":{"line":8,"column":36},"end":{"line":8,"column":49}},"line":8}},"branchMap":{"0":{"loc":{"start":{"line":6,"column":2},"end":{"line":6,"column":45}},"type":"if","locations":[{"start":{"line":6,"column":2},"end":{"line":6,"column":45}},{"start":{"line":6,"column":2},"end":{"line":6,"column":45}}],"line":6}},"s":{"0":1,"1":2,"2":1,"3":1,"4":4,"5":7},"f":{"0":2,"1":4,"2":7},"b":{"0":[1,1]},"_coverageSchema":"1a1c01bbd47fc00a2c39e90264f33305004495a9","hash":"3fbe56a9e2cebeee513de484457ab0f2adb1aa04"}
,"/Users/nickbianco/Desktop/Software Portfolio/expedite/src/array/Reverse.js": {"path":"/Users/nickbianco/Desktop/Software Portfolio/expedite/src/array/Reverse.js","statementMap":{"0":{"start":{"line":3,"column":16},"end":{"line":7,"column":1}},"1":{"start":{"line":4,"column":23},"end":{"line":4,"column":25}},"2":{"start":{"line":5,"column":2},"end":{"line":5,"column":57}},"3":{"start":{"line":5,"column":29},"end":{"line":5,"column":55}},"4":{"start":{"line":6,"column":2},"end":{"line":6,"column":22}}},"fnMap":{"0":{"name":"(anonymous_0)","decl":{"start":{"line":3,"column":16},"end":{"line":3,"column":17}},"loc":{"start":{"line":3,"column":30},"end":{"line":7,"column":1}},"line":3},"1":{"name":"(anonymous_1)","decl":{"start":{"line":5,"column":19},"end":{"line":5,"column":20}},"loc":{"start":{"line":5,"column":29},"end":{"line":5,"column":55}},"line":5}},"branchMap":{},"s":{"0":1,"1":3,"2":3,"3":4,"4":3},"f":{"0":3,"1":4},"b":{},"_coverageSchema":"1a1c01bbd47fc00a2c39e90264f33305004495a9","hash":"a6f67339f82f9758b1dec0f4aa0e6136a378fd50"}
,"/Users/nickbianco/Desktop/Software Portfolio/expedite/src/array/Rotate.js": {"path":"/Users/nickbianco/Desktop/Software Portfolio/expedite/src/array/Rotate.js","statementMap":{"0":{"start":{"line":3,"column":15},"end":{"line":10,"column":1}},"1":{"start":{"line":4,"column":2},"end":{"line":4,"column":41}},"2":{"start":{"line":4,"column":26},"end":{"line":4,"column":41}},"3":{"start":{"line":5,"column":2},"end":{"line":8,"column":3}},"4":{"start":{"line":5,"column":15},"end":{"line":5,"column":16}},"5":{"start":{"line":6,"column":20},"end":{"line":6,"column":33}},"6":{"start":{"line":7,"column":4},"end":{"line":7,"column":29}},"7":{"start":{"line":9,"column":2},"end":{"line":9,"column":17}}},"fnMap":{"0":{"name":"(anonymous_0)","decl":{"start":{"line":3,"column":15},"end":{"line":3,"column":16}},"loc":{"start":{"line":3,"column":33},"end":{"line":10,"column":1}},"line":3}},"branchMap":{"0":{"loc":{"start":{"line":4,"column":2},"end":{"line":4,"column":41}},"type":"if","locations":[{"start":{"line":4,"column":2},"end":{"line":4,"column":41}},{"start":{"line":4,"column":2},"end":{"line":4,"column":41}}],"line":4}},"s":{"0":1,"1":3,"2":2,"3":1,"4":1,"5":2,"6":2,"7":1},"f":{"0":3},"b":{"0":[2,1]},"_coverageSchema":"1a1c01bbd47fc00a2c39e90264f33305004495a9","hash":"83d061c15d338e7c02440fa13dcf893560599ff4"}
,"/Users/nickbianco/Desktop/Software Portfolio/expedite/src/array/Shuffle.js": {"path":"/Users/nickbianco/Desktop/Software Portfolio/expedite/src/array/Shuffle.js","statementMap":{"0":{"start":{"line":3,"column":16},"end":{"line":13,"column":1}},"1":{"start":{"line":4,"column":23},"end":{"line":4,"column":25}},"2":{"start":{"line":6,"column":2},"end":{"line":10,"column":3}},"3":{"start":{"line":7,"column":22},"end":{"line":7,"column":61}},"4":{"start":{"line":8,"column":4},"end":{"line":8,"column":39}},"5":{"start":{"line":9,"column":4},"end":{"line":9,"column":30}},"6":{"start":{"line":12,"column":2},"end":{"line":12,"column":22}}},"fnMap":{"0":{"name":"(anonymous_0)","decl":{"start":{"line":3,"column":16},"end":{"line":3,"column":17}},"loc":{"start":{"line":3,"column":26},"end":{"line":13,"column":1}},"line":3}},"branchMap":{},"s":{"0":1,"1":2,"2":2,"3":1,"4":1,"5":1,"6":2},"f":{"0":2},"b":{},"_coverageSchema":"1a1c01bbd47fc00a2c39e90264f33305004495a9","hash":"95dd25aac31f0519673cc648564a58452f9c93c4"}
,"/Users/nickbianco/Desktop/Software Portfolio/expedite/src/array/UniqueElements.js": {"path":"/Users/nickbianco/Desktop/Software Portfolio/expedite/src/array/UniqueElements.js","statementMap":{"0":{"start":{"line":3,"column":23},"end":{"line":9,"column":1}},"1":{"start":{"line":4,"column":22},"end":{"line":4,"column":24}},"2":{"start":{"line":5,"column":2},"end":{"line":7,"column":4}},"3":{"start":{"line":6,"column":14},"end":{"line":6,"column":67}},"4":{"start":{"line":8,"column":2},"end":{"line":8,"column":21}}},"fnMap":{"0":{"name":"(anonymous_0)","decl":{"start":{"line":3,"column":23},"end":{"line":3,"column":24}},"loc":{"start":{"line":3,"column":36},"end":{"line":9,"column":1}},"line":3},"1":{"name":"(anonymous_1)","decl":{"start":{"line":6,"column":4},"end":{"line":6,"column":5}},"loc":{"start":{"line":6,"column":14},"end":{"line":6,"column":67}},"line":6}},"branchMap":{"0":{"loc":{"start":{"line":6,"column":14},"end":{"line":6,"column":67}},"type":"binary-expr","locations":[{"start":{"line":6,"column":14},"end":{"line":6,"column":41}},{"start":{"line":6,"column":45},"end":{"line":6,"column":67}}],"line":6}},"s":{"0":1,"1":1,"2":1,"3":3,"4":1},"f":{"0":1,"1":3},"b":{"0":[3,2]},"_coverageSchema":"1a1c01bbd47fc00a2c39e90264f33305004495a9","hash":"794c7e7d77c554fe998a6101a2a406fd098bcdb1"}
,"/Users/nickbianco/Desktop/Software Portfolio/expedite/src/array/Xor.js": {"path":"/Users/nickbianco/Desktop/Software Portfolio/expedite/src/array/Xor.js","statementMap":{"0":{"start":{"line":4,"column":12},"end":{"line":23,"column":1}},"1":{"start":{"line":5,"column":22},"end":{"line":5,"column":33}},"2":{"start":{"line":6,"column":17},"end":{"line":6,"column":19}},"3":{"start":{"line":8,"column":2},"end":{"line":16,"column":5}},"4":{"start":{"line":9,"column":4},"end":{"line":15,"column":7}},"5":{"start":{"line":10,"column":6},"end":{"line":14,"column":7}},"6":{"start":{"line":11,"column":8},"end":{"line":11,"column":24}},"7":{"start":{"line":13,"column":8},"end":{"line":13,"column":22}},"8":{"start":{"line":18,"column":18},"end":{"line":18,"column":37}},"9":{"start":{"line":19,"column":15},"end":{"line":21,"column":4}},"10":{"start":{"line":20,"column":4},"end":{"line":20,"column":46}},"11":{"start":{"line":20,"column":27},"end":{"line":20,"column":46}},"12":{"start":{"line":22,"column":2},"end":{"line":22,"column":42}},"13":{"start":{"line":22,"column":27},"end":{"line":22,"column":40}}},"fnMap":{"0":{"name":"(anonymous_0)","decl":{"start":{"line":4,"column":12},"end":{"line":4,"column":13}},"loc":{"start":{"line":4,"column":27},"end":{"line":23,"column":1}},"line":4},"1":{"name":"(anonymous_1)","decl":{"start":{"line":8,"column":22},"end":{"line":8,"column":23}},"loc":{"start":{"line":8,"column":31},"end":{"line":16,"column":3}},"line":8},"2":{"name":"(anonymous_2)","decl":{"start":{"line":9,"column":16},"end":{"line":9,"column":17}},"loc":{"start":{"line":9,"column":25},"end":{"line":15,"column":5}},"line":9},"3":{"name":"(anonymous_3)","decl":{"start":{"line":19,"column":30},"end":{"line":19,"column":31}},"loc":{"start":{"line":19,"column":39},"end":{"line":21,"column":3}},"line":19},"4":{"name":"(anonymous_4)","decl":{"start":{"line":22,"column":18},"end":{"line":22,"column":19}},"loc":{"start":{"line":22,"column":27},"end":{"line":22,"column":40}},"line":22}},"branchMap":{"0":{"loc":{"start":{"line":10,"column":6},"end":{"line":14,"column":7}},"type":"if","locations":[{"start":{"line":10,"column":6},"end":{"line":14,"column":7}},{"start":{"line":10,"column":6},"end":{"line":14,"column":7}}],"line":10},"1":{"loc":{"start":{"line":20,"column":4},"end":{"line":20,"column":46}},"type":"if","locations":[{"start":{"line":20,"column":4},"end":{"line":20,"column":46}},{"start":{"line":20,"column":4},"end":{"line":20,"column":46}}],"line":20}},"s":{"0":1,"1":1,"2":1,"3":1,"4":2,"5":4,"6":3,"7":1,"8":1,"9":1,"10":3,"11":2,"12":1,"13":2},"f":{"0":1,"1":2,"2":4,"3":3,"4":2},"b":{"0":[3,1],"1":[2,1]},"_coverageSchema":"1a1c01bbd47fc00a2c39e90264f33305004495a9","hash":"7131142b03a0a67743e6d8c68bbe9059ed97b97e"}
,"/Users/nickbianco/Desktop/Software Portfolio/expedite/src/array/Zip.js": {"path":"/Users/nickbianco/Desktop/Software Portfolio/expedite/src/array/Zip.js","statementMap":{"0":{"start":{"line":5,"column":12},"end":{"line":24,"column":1}},"1":{"start":{"line":6,"column":21},"end":{"line":6,"column":32}},"2":{"start":{"line":7,"column":21},"end":{"line":7,"column":23}},"3":{"start":{"line":9,"column":18},"end":{"line":9,"column":19}},"4":{"start":{"line":10,"column":2},"end":{"line":12,"column":4}},"5":{"start":{"line":11,"column":4},"end":{"line":11,"column":67}},"6":{"start":{"line":14,"column":2},"end":{"line":21,"column":3}},"7":{"start":{"line":14,"column":15},"end":{"line":14,"column":16}},"8":{"start":{"line":15,"column":21},"end":{"line":15,"column":23}},"9":{"start":{"line":16,"column":4},"end":{"line":19,"column":7}},"10":{"start":{"line":17,"column":22},"end":{"line":17,"column":29}},"11":{"start":{"line":18,"column":6},"end":{"line":18,"column":29}},"12":{"start":{"line":20,"column":4},"end":{"line":20,"column":30}},"13":{"start":{"line":23,"column":2},"end":{"line":23,"column":20}}},"fnMap":{"0":{"name":"(anonymous_0)","decl":{"start":{"line":5,"column":12},"end":{"line":5,"column":13}},"loc":{"start":{"line":5,"column":27},"end":{"line":24,"column":1}},"line":5},"1":{"name":"(anonymous_1)","decl":{"start":{"line":10,"column":21},"end":{"line":10,"column":22}},"loc":{"start":{"line":11,"column":4},"end":{"line":11,"column":67}},"line":11},"2":{"name":"(anonymous_2)","decl":{"start":{"line":16,"column":23},"end":{"line":16,"column":24}},"loc":{"start":{"line":16,"column":33},"end":{"line":19,"column":5}},"line":16}},"branchMap":{"0":{"loc":{"start":{"line":11,"column":4},"end":{"line":11,"column":67}},"type":"cond-expr","locations":[{"start":{"line":11,"column":31},"end":{"line":11,"column":54}},{"start":{"line":11,"column":58},"end":{"line":11,"column":67}}],"line":11}},"s":{"0":1,"1":1,"2":1,"3":1,"4":1,"5":3,"6":1,"7":1,"8":2,"9":2,"10":6,"11":6,"12":2,"13":1},"f":{"0":1,"1":3,"2":6},"b":{"0":[1,2]},"_coverageSchema":"1a1c01bbd47fc00a2c39e90264f33305004495a9","hash":"2093de04e2d87ef324e129c4b187bf72ede8593e"}
,"/Users/nickbianco/Desktop/Software Portfolio/expedite/src/integer/MathCeil.js": {"path":"/Users/nickbianco/Desktop/Software Portfolio/expedite/src/integer/MathCeil.js","statementMap":{"0":{"start":{"line":3,"column":17},"end":{"line":8,"column":1}},"1":{"start":{"line":4,"column":2},"end":{"line":4,"column":29}},"2":{"start":{"line":4,"column":20},"end":{"line":4,"column":29}},"3":{"start":{"line":5,"column":2},"end":{"line":7,"column":3}},"4":{"start":{"line":5,"column":15},"end":{"line":5,"column":16}},"5":{"start":{"line":6,"column":4},"end":{"line":6,"column":29}},"6":{"start":{"line":6,"column":20},"end":{"line":6,"column":29}}},"fnMap":{"0":{"name":"(anonymous_0)","decl":{"start":{"line":3,"column":17},"end":{"line":3,"column":18}},"loc":{"start":{"line":3,"column":29},"end":{"line":8,"column":1}},"line":3}},"branchMap":{"0":{"loc":{"start":{"line":4,"column":2},"end":{"line":4,"column":29}},"type":"if","locations":[{"start":{"line":4,"column":2},"end":{"line":4,"column":29}},{"start":{"line":4,"column":2},"end":{"line":4,"column":29}}],"line":4},"1":{"loc":{"start":{"line":6,"column":4},"end":{"line":6,"column":29}},"type":"if","locations":[{"start":{"line":6,"column":4},"end":{"line":6,"column":29}},{"start":{"line":6,"column":4},"end":{"line":6,"column":29}}],"line":6}},"s":{"0":1,"1":2,"2":1,"3":1,"4":1,"5":5,"6":1},"f":{"0":2},"b":{"0":[1,1],"1":[1,4]},"_coverageSchema":"1a1c01bbd47fc00a2c39e90264f33305004495a9","hash":"23eea46d8c4055769dbd03acaa462bc4de852506"}
,"/Users/nickbianco/Desktop/Software Portfolio/expedite/src/integer/MathFloor.js": {"path":"/Users/nickbianco/Desktop/Software Portfolio/expedite/src/integer/MathFloor.js","statementMap":{"0":{"start":{"line":3,"column":18},"end":{"line":8,"column":1}},"1":{"start":{"line":4,"column":2},"end":{"line":4,"column":29}},"2":{"start":{"line":4,"column":20},"end":{"line":4,"column":29}},"3":{"start":{"line":5,"column":2},"end":{"line":7,"column":3}},"4":{"start":{"line":5,"column":15},"end":{"line":5,"column":16}},"5":{"start":{"line":6,"column":4},"end":{"line":6,"column":33}},"6":{"start":{"line":6,"column":20},"end":{"line":6,"column":33}}},"fnMap":{"0":{"name":"(anonymous_0)","decl":{"start":{"line":3,"column":18},"end":{"line":3,"column":19}},"loc":{"start":{"line":3,"column":30},"end":{"line":8,"column":1}},"line":3}},"branchMap":{"0":{"loc":{"start":{"line":4,"column":2},"end":{"line":4,"column":29}},"type":"if","locations":[{"start":{"line":4,"column":2},"end":{"line":4,"column":29}},{"start":{"line":4,"column":2},"end":{"line":4,"column":29}}],"line":4},"1":{"loc":{"start":{"line":6,"column":4},"end":{"line":6,"column":33}},"type":"if","locations":[{"start":{"line":6,"column":4},"end":{"line":6,"column":33}},{"start":{"line":6,"column":4},"end":{"line":6,"column":33}}],"line":6}},"s":{"0":1,"1":2,"2":1,"3":1,"4":1,"5":3,"6":1},"f":{"0":2},"b":{"0":[1,1],"1":[1,2]},"_coverageSchema":"1a1c01bbd47fc00a2c39e90264f33305004495a9","hash":"1068cbb6f49b8d41468036e388d5ea2a09341ec0"}
,"/Users/nickbianco/Desktop/Software Portfolio/expedite/src/integer/Prime.js": {"path":"/Users/nickbianco/Desktop/Software Portfolio/expedite/src/integer/Prime.js","statementMap":{"0":{"start":{"line":3,"column":14},"end":{"line":11,"column":1}},"1":{"start":{"line":4,"column":2},"end":{"line":4,"column":43}},"2":{"start":{"line":4,"column":30},"end":{"line":4,"column":43}},"3":{"start":{"line":5,"column":2},"end":{"line":5,"column":28}},"4":{"start":{"line":5,"column":16},"end":{"line":5,"column":28}},"5":{"start":{"line":7,"column":18},"end":{"line":7,"column":20}},"6":{"start":{"line":8,"column":2},"end":{"line":8,"column":48}},"7":{"start":{"line":8,"column":15},"end":{"line":8,"column":16}},"8":{"start":{"line":8,"column":32},"end":{"line":8,"column":48}},"9":{"start":{"line":10,"column":2},"end":{"line":10,"column":57}},"10":{"start":{"line":10,"column":36},"end":{"line":10,"column":55}}},"fnMap":{"0":{"name":"(anonymous_0)","decl":{"start":{"line":3,"column":14},"end":{"line":3,"column":15}},"loc":{"start":{"line":3,"column":23},"end":{"line":11,"column":1}},"line":3},"1":{"name":"(anonymous_1)","decl":{"start":{"line":10,"column":23},"end":{"line":10,"column":24}},"loc":{"start":{"line":10,"column":36},"end":{"line":10,"column":55}},"line":10}},"branchMap":{"0":{"loc":{"start":{"line":4,"column":2},"end":{"line":4,"column":43}},"type":"if","locations":[{"start":{"line":4,"column":2},"end":{"line":4,"column":43}},{"start":{"line":4,"column":2},"end":{"line":4,"column":43}}],"line":4},"1":{"loc":{"start":{"line":4,"column":6},"end":{"line":4,"column":28}},"type":"binary-expr","locations":[{"start":{"line":4,"column":6},"end":{"line":4,"column":15}},{"start":{"line":4,"column":19},"end":{"line":4,"column":28}}],"line":4},"2":{"loc":{"start":{"line":5,"column":2},"end":{"line":5,"column":28}},"type":"if","locations":[{"start":{"line":5,"column":2},"end":{"line":5,"column":28}},{"start":{"line":5,"column":2},"end":{"line":5,"column":28}}],"line":5}},"s":{"0":1,"1":5,"2":2,"3":3,"4":1,"5":2,"6":2,"7":2,"8":7,"9":2,"10":4},"f":{"0":5,"1":4},"b":{"0":[2,3],"1":[5,4],"2":[1,2]},"_coverageSchema":"1a1c01bbd47fc00a2c39e90264f33305004495a9","hash":"6c54283db50427f7df88f49df3a7bd0ad44b6e63"}
,"/Users/nickbianco/Desktop/Software Portfolio/expedite/src/integer/Sum.js": {"path":"/Users/nickbianco/Desktop/Software Portfolio/expedite/src/integer/Sum.js","statementMap":{"0":{"start":{"line":3,"column":12},"end":{"line":8,"column":1}},"1":{"start":{"line":4,"column":18},"end":{"line":4,"column":27}},"2":{"start":{"line":5,"column":17},"end":{"line":5,"column":18}},"3":{"start":{"line":6,"column":2},"end":{"line":6,"column":46}},"4":{"start":{"line":6,"column":28},"end":{"line":6,"column":43}},"5":{"start":{"line":7,"column":2},"end":{"line":7,"column":18}}},"fnMap":{"0":{"name":"(anonymous_0)","decl":{"start":{"line":3,"column":12},"end":{"line":3,"column":13}},"loc":{"start":{"line":3,"column":25},"end":{"line":8,"column":1}},"line":3},"1":{"name":"(anonymous_1)","decl":{"start":{"line":6,"column":18},"end":{"line":6,"column":19}},"loc":{"start":{"line":6,"column":28},"end":{"line":6,"column":43}},"line":6}},"branchMap":{},"s":{"0":1,"1":2,"2":2,"3":2,"4":5,"5":2},"f":{"0":2,"1":5},"b":{},"_coverageSchema":"1a1c01bbd47fc00a2c39e90264f33305004495a9","hash":"e0996031d2b6e120b99c212eb761a2ef4ea8ec8c"}
,"/Users/nickbianco/Desktop/Software Portfolio/expedite/src/multipleObjects/Length.js": {"path":"/Users/nickbianco/Desktop/Software Portfolio/expedite/src/multipleObjects/Length.js","statementMap":{"0":{"start":{"line":3,"column":15},"end":{"line":11,"column":1}},"1":{"start":{"line":4,"column":14},"end":{"line":4,"column":15}},"2":{"start":{"line":5,"column":2},"end":{"line":9,"column":3}},"3":{"start":{"line":6,"column":4},"end":{"line":6,"column":36}},"4":{"start":{"line":6,"column":27},"end":{"line":6,"column":34}},"5":{"start":{"line":8,"column":4},"end":{"line":8,"column":52}},"6":{"start":{"line":8,"column":17},"end":{"line":8,"column":18}},"7":{"start":{"line":8,"column":44},"end":{"line":8,"column":52}},"8":{"start":{"line":10,"column":2},"end":{"line":10,"column":15}}},"fnMap":{"0":{"name":"(anonymous_0)","decl":{"start":{"line":3,"column":15},"end":{"line":3,"column":16}},"loc":{"start":{"line":3,"column":27},"end":{"line":11,"column":1}},"line":3},"1":{"name":"(anonymous_1)","decl":{"start":{"line":6,"column":19},"end":{"line":6,"column":20}},"loc":{"start":{"line":6,"column":27},"end":{"line":6,"column":34}},"line":6}},"branchMap":{"0":{"loc":{"start":{"line":5,"column":2},"end":{"line":9,"column":3}},"type":"if","locations":[{"start":{"line":5,"column":2},"end":{"line":9,"column":3}},{"start":{"line":5,"column":2},"end":{"line":9,"column":3}}],"line":5}},"s":{"0":1,"1":4,"2":4,"3":2,"4":3,"5":2,"6":2,"7":5,"8":4},"f":{"0":4,"1":3},"b":{"0":[2,2]},"_coverageSchema":"1a1c01bbd47fc00a2c39e90264f33305004495a9","hash":"8869d634e1fe3cb64fac88fbb2986ae6c9487c15"}
,"/Users/nickbianco/Desktop/Software Portfolio/expedite/src/multipleObjects/Size.js": {"path":"/Users/nickbianco/Desktop/Software Portfolio/expedite/src/multipleObjects/Size.js","statementMap":{"0":{"start":{"line":3,"column":13},"end":{"line":5,"column":1}},"1":{"start":{"line":4,"column":2},"end":{"line":4,"column":74}}},"fnMap":{"0":{"name":"(anonymous_0)","decl":{"start":{"line":3,"column":13},"end":{"line":3,"column":14}},"loc":{"start":{"line":3,"column":27},"end":{"line":5,"column":1}},"line":3}},"branchMap":{"0":{"loc":{"start":{"line":4,"column":9},"end":{"line":4,"column":73}},"type":"cond-expr","locations":[{"start":{"line":4,"column":27},"end":{"line":4,"column":42}},{"start":{"line":4,"column":45},"end":{"line":4,"column":73}}],"line":4}},"s":{"0":1,"1":3},"f":{"0":3},"b":{"0":[2,1]},"_coverageSchema":"1a1c01bbd47fc00a2c39e90264f33305004495a9","hash":"1b3cc3671d9df557ed02a5e35a530c256fcd82d7"}
,"/Users/nickbianco/Desktop/Software Portfolio/expedite/src/object/Has.js": {"path":"/Users/nickbianco/Desktop/Software Portfolio/expedite/src/object/Has.js","statementMap":{"0":{"start":{"line":5,"column":12},"end":{"line":8,"column":1}},"1":{"start":{"line":6,"column":18},"end":{"line":6,"column":39}},"2":{"start":{"line":7,"column":2},"end":{"line":7,"column":37}}},"fnMap":{"0":{"name":"(anonymous_0)","decl":{"start":{"line":5,"column":12},"end":{"line":5,"column":13}},"loc":{"start":{"line":5,"column":37},"end":{"line":8,"column":1}},"line":5}},"branchMap":{},"s":{"0":1,"1":3,"2":3},"f":{"0":3},"b":{},"_coverageSchema":"1a1c01bbd47fc00a2c39e90264f33305004495a9","hash":"d8f3c7f3d24294ad1901e8bfbc8f4579e85fac6c"}
,"/Users/nickbianco/Desktop/Software Portfolio/expedite/src/object/Invert.js": {"path":"/Users/nickbianco/Desktop/Software Portfolio/expedite/src/object/Invert.js","statementMap":{"0":{"start":{"line":3,"column":15},"end":{"line":14,"column":1}},"1":{"start":{"line":4,"column":19},"end":{"line":4,"column":21}},"2":{"start":{"line":5,"column":18},"end":{"line":5,"column":37}},"3":{"start":{"line":6,"column":2},"end":{"line":12,"column":5}},"4":{"start":{"line":7,"column":16},"end":{"line":7,"column":27}},"5":{"start":{"line":8,"column":4},"end":{"line":11,"column":6}},"6":{"start":{"line":13,"column":2},"end":{"line":13,"column":20}}},"fnMap":{"0":{"name":"(anonymous_0)","decl":{"start":{"line":3,"column":15},"end":{"line":3,"column":16}},"loc":{"start":{"line":3,"column":27},"end":{"line":14,"column":1}},"line":3},"1":{"name":"(anonymous_1)","decl":{"start":{"line":6,"column":18},"end":{"line":6,"column":19}},"loc":{"start":{"line":6,"column":27},"end":{"line":12,"column":3}},"line":6}},"branchMap":{},"s":{"0":1,"1":2,"2":2,"3":2,"4":3,"5":3,"6":2},"f":{"0":2,"1":3},"b":{},"_coverageSchema":"1a1c01bbd47fc00a2c39e90264f33305004495a9","hash":"286e5406cd0cb7fc71db0857cc8c4b27154f7b62"}
,"/Users/nickbianco/Desktop/Software Portfolio/expedite/src/object/MapByKey.js": {"path":"/Users/nickbianco/Desktop/Software Portfolio/expedite/src/object/MapByKey.js","statementMap":{"0":{"start":{"line":4,"column":17},"end":{"line":10,"column":1}},"1":{"start":{"line":5,"column":21},"end":{"line":5,"column":23}},"2":{"start":{"line":6,"column":2},"end":{"line":8,"column":5}},"3":{"start":{"line":7,"column":4},"end":{"line":7,"column":46}},"4":{"start":{"line":7,"column":20},"end":{"line":7,"column":46}},"5":{"start":{"line":9,"column":2},"end":{"line":9,"column":20}}},"fnMap":{"0":{"name":"(anonymous_0)","decl":{"start":{"line":4,"column":17},"end":{"line":4,"column":18}},"loc":{"start":{"line":4,"column":35},"end":{"line":10,"column":1}},"line":4},"1":{"name":"(anonymous_1)","decl":{"start":{"line":6,"column":18},"end":{"line":6,"column":19}},"loc":{"start":{"line":6,"column":27},"end":{"line":8,"column":3}},"line":6}},"branchMap":{"0":{"loc":{"start":{"line":7,"column":4},"end":{"line":7,"column":46}},"type":"if","locations":[{"start":{"line":7,"column":4},"end":{"line":7,"column":46}},{"start":{"line":7,"column":4},"end":{"line":7,"column":46}}],"line":7}},"s":{"0":1,"1":2,"2":2,"3":4,"4":3,"5":2},"f":{"0":2,"1":4},"b":{"0":[3,1]},"_coverageSchema":"1a1c01bbd47fc00a2c39e90264f33305004495a9","hash":"514fa4fa4e0d3f034dce4d41ecf7c996a587f286"}
,"/Users/nickbianco/Desktop/Software Portfolio/expedite/src/object/ObjectToPairs.js": {"path":"/Users/nickbianco/Desktop/Software Portfolio/expedite/src/object/ObjectToPairs.js","statementMap":{"0":{"start":{"line":3,"column":19},"end":{"line":7,"column":1}},"1":{"start":{"line":4,"column":18},"end":{"line":4,"column":37}},"2":{"start":{"line":5,"column":20},"end":{"line":5,"column":60}},"3":{"start":{"line":5,"column":41},"end":{"line":5,"column":59}},"4":{"start":{"line":6,"column":2},"end":{"line":6,"column":19}}},"fnMap":{"0":{"name":"(anonymous_0)","decl":{"start":{"line":3,"column":19},"end":{"line":3,"column":20}},"loc":{"start":{"line":3,"column":31},"end":{"line":7,"column":1}},"line":3},"1":{"name":"(anonymous_1)","decl":{"start":{"line":5,"column":32},"end":{"line":5,"column":33}},"loc":{"start":{"line":5,"column":41},"end":{"line":5,"column":59}},"line":5}},"branchMap":{},"s":{"0":1,"1":2,"2":2,"3":2,"4":2},"f":{"0":2,"1":2},"b":{},"_coverageSchema":"1a1c01bbd47fc00a2c39e90264f33305004495a9","hash":"d2eb1d9177a337ddb55a6795a2d5fcf9118af5b0"}
,"/Users/nickbianco/Desktop/Software Portfolio/expedite/src/object/Omit.js": {"path":"/Users/nickbianco/Desktop/Software Portfolio/expedite/src/object/Omit.js","statementMap":{"0":{"start":{"line":4,"column":13},"end":{"line":12,"column":1}},"1":{"start":{"line":5,"column":17},"end":{"line":5,"column":19}},"2":{"start":{"line":7,"column":23},"end":{"line":7,"column":44}},"3":{"start":{"line":8,"column":21},"end":{"line":8,"column":77}},"4":{"start":{"line":8,"column":50},"end":{"line":8,"column":76}},"5":{"start":{"line":9,"column":2},"end":{"line":9,"column":61}},"6":{"start":{"line":9,"column":31},"end":{"line":9,"column":58}},"7":{"start":{"line":11,"column":2},"end":{"line":11,"column":16}}},"fnMap":{"0":{"name":"(anonymous_0)","decl":{"start":{"line":4,"column":13},"end":{"line":4,"column":14}},"loc":{"start":{"line":4,"column":40},"end":{"line":12,"column":1}},"line":4},"1":{"name":"(anonymous_1)","decl":{"start":{"line":8,"column":41},"end":{"line":8,"column":42}},"loc":{"start":{"line":8,"column":50},"end":{"line":8,"column":76}},"line":8},"2":{"name":"(anonymous_2)","decl":{"start":{"line":9,"column":21},"end":{"line":9,"column":22}},"loc":{"start":{"line":9,"column":31},"end":{"line":9,"column":58}},"line":9}},"branchMap":{},"s":{"0":1,"1":1,"2":1,"3":1,"4":2,"5":1,"6":1,"7":1},"f":{"0":1,"1":2,"2":1},"b":{},"_coverageSchema":"1a1c01bbd47fc00a2c39e90264f33305004495a9","hash":"399c3ab8ab3b7815cf6c9c29af47d8932d2df29d"}
,"/Users/nickbianco/Desktop/Software Portfolio/expedite/src/object/Pick.js": {"path":"/Users/nickbianco/Desktop/Software Portfolio/expedite/src/object/Pick.js","statementMap":{"0":{"start":{"line":4,"column":13},"end":{"line":12,"column":1}},"1":{"start":{"line":5,"column":17},"end":{"line":5,"column":19}},"2":{"start":{"line":7,"column":2},"end":{"line":9,"column":5}},"3":{"start":{"line":8,"column":4},"end":{"line":8,"column":64}},"4":{"start":{"line":8,"column":28},"end":{"line":8,"column":64}},"5":{"start":{"line":11,"column":2},"end":{"line":11,"column":16}}},"fnMap":{"0":{"name":"(anonymous_0)","decl":{"start":{"line":4,"column":13},"end":{"line":4,"column":14}},"loc":{"start":{"line":4,"column":37},"end":{"line":12,"column":1}},"line":4},"1":{"name":"(anonymous_1)","decl":{"start":{"line":7,"column":21},"end":{"line":7,"column":22}},"loc":{"start":{"line":7,"column":35},"end":{"line":9,"column":3}},"line":7}},"branchMap":{"0":{"loc":{"start":{"line":8,"column":4},"end":{"line":8,"column":64}},"type":"if","locations":[{"start":{"line":8,"column":4},"end":{"line":8,"column":64}},{"start":{"line":8,"column":4},"end":{"line":8,"column":64}}],"line":8}},"s":{"0":1,"1":4,"2":4,"3":3,"4":2,"5":4},"f":{"0":4,"1":3},"b":{"0":[2,1]},"_coverageSchema":"1a1c01bbd47fc00a2c39e90264f33305004495a9","hash":"0a6363075fb4fe63041d5752832bbcea508950c7"}
,"/Users/nickbianco/Desktop/Software Portfolio/expedite/src/string/Anagrams.js": {"path":"/Users/nickbianco/Desktop/Software Portfolio/expedite/src/string/Anagrams.js","statementMap":{"0":{"start":{"line":3,"column":17},"end":{"line":23,"column":1}},"1":{"start":{"line":4,"column":21},"end":{"line":4,"column":23}},"2":{"start":{"line":5,"column":19},"end":{"line":5,"column":50}},"3":{"start":{"line":6,"column":2},"end":{"line":8,"column":5}},"4":{"start":{"line":7,"column":4},"end":{"line":7,"column":77}},"5":{"start":{"line":10,"column":21},"end":{"line":10,"column":23}},"6":{"start":{"line":11,"column":19},"end":{"line":11,"column":50}},"7":{"start":{"line":12,"column":2},"end":{"line":14,"column":5}},"8":{"start":{"line":13,"column":4},"end":{"line":13,"column":77}},"9":{"start":{"line":16,"column":2},"end":{"line":22,"column":3}},"10":{"start":{"line":17,"column":4},"end":{"line":19,"column":6}},"11":{"start":{"line":18,"column":19},"end":{"line":18,"column":62}},"12":{"start":{"line":21,"column":4},"end":{"line":21,"column":17}}},"fnMap":{"0":{"name":"(anonymous_0)","decl":{"start":{"line":3,"column":17},"end":{"line":3,"column":18}},"loc":{"start":{"line":3,"column":39},"end":{"line":23,"column":1}},"line":3},"1":{"name":"(anonymous_1)","decl":{"start":{"line":6,"column":19},"end":{"line":6,"column":20}},"loc":{"start":{"line":6,"column":32},"end":{"line":8,"column":3}},"line":6},"2":{"name":"(anonymous_2)","decl":{"start":{"line":12,"column":19},"end":{"line":12,"column":20}},"loc":{"start":{"line":12,"column":32},"end":{"line":14,"column":3}},"line":12},"3":{"name":"(anonymous_3)","decl":{"start":{"line":18,"column":6},"end":{"line":18,"column":7}},"loc":{"start":{"line":18,"column":19},"end":{"line":18,"column":62}},"line":18}},"branchMap":{"0":{"loc":{"start":{"line":7,"column":4},"end":{"line":7,"column":76}},"type":"cond-expr","locations":[{"start":{"line":7,"column":28},"end":{"line":7,"column":51}},{"start":{"line":7,"column":55},"end":{"line":7,"column":76}}],"line":7},"1":{"loc":{"start":{"line":13,"column":4},"end":{"line":13,"column":76}},"type":"cond-expr","locations":[{"start":{"line":13,"column":28},"end":{"line":13,"column":51}},{"start":{"line":13,"column":55},"end":{"line":13,"column":76}}],"line":13},"2":{"loc":{"start":{"line":16,"column":2},"end":{"line":22,"column":3}},"type":"if","locations":[{"start":{"line":16,"column":2},"end":{"line":22,"column":3}},{"start":{"line":16,"column":2},"end":{"line":22,"column":3}}],"line":16}},"s":{"0":1,"1":3,"2":3,"3":3,"4":10,"5":3,"6":3,"7":3,"8":9,"9":3,"10":2,"11":5,"12":1},"f":{"0":3,"1":10,"2":9,"3":5},"b":{"0":[8,2],"1":[7,2],"2":[2,1]},"_coverageSchema":"1a1c01bbd47fc00a2c39e90264f33305004495a9","hash":"00c5805a0e652a9baa32b61673195974fbe1c473"}
,"/Users/nickbianco/Desktop/Software Portfolio/expedite/src/string/Capitalize.js": {"path":"/Users/nickbianco/Desktop/Software Portfolio/expedite/src/string/Capitalize.js","statementMap":{"0":{"start":{"line":3,"column":20},"end":{"line":18,"column":1}},"1":{"start":{"line":4,"column":25},"end":{"line":4,"column":27}},"2":{"start":{"line":6,"column":16},"end":{"line":6,"column":29}},"3":{"start":{"line":7,"column":2},"end":{"line":15,"column":5}},"4":{"start":{"line":8,"column":4},"end":{"line":14,"column":5}},"5":{"start":{"line":9,"column":28},"end":{"line":9,"column":46}},"6":{"start":{"line":10,"column":6},"end":{"line":10,"column":41}},"7":{"start":{"line":12,"column":28},"end":{"line":12,"column":46}},"8":{"start":{"line":13,"column":6},"end":{"line":13,"column":41}},"9":{"start":{"line":17,"column":2},"end":{"line":17,"column":33}}},"fnMap":{"0":{"name":"(anonymous_0)","decl":{"start":{"line":3,"column":20},"end":{"line":3,"column":21}},"loc":{"start":{"line":3,"column":29},"end":{"line":18,"column":1}},"line":3},"1":{"name":"(anonymous_1)","decl":{"start":{"line":7,"column":16},"end":{"line":7,"column":17}},"loc":{"start":{"line":7,"column":31},"end":{"line":15,"column":3}},"line":7}},"branchMap":{"0":{"loc":{"start":{"line":8,"column":4},"end":{"line":14,"column":5}},"type":"if","locations":[{"start":{"line":8,"column":4},"end":{"line":14,"column":5}},{"start":{"line":8,"column":4},"end":{"line":14,"column":5}}],"line":8}},"s":{"0":1,"1":2,"2":2,"3":2,"4":5,"5":1,"6":1,"7":4,"8":4,"9":2},"f":{"0":2,"1":5},"b":{"0":[1,4]},"_coverageSchema":"1a1c01bbd47fc00a2c39e90264f33305004495a9","hash":"621debc478666ab827e8dc644541f202d98d2625"}
,"/Users/nickbianco/Desktop/Software Portfolio/expedite/src/string/ParsedInt.js": {"path":"/Users/nickbianco/Desktop/Software Portfolio/expedite/src/string/ParsedInt.js","statementMap":{"0":{"start":{"line":3,"column":18},"end":{"line":16,"column":1}},"1":{"start":{"line":4,"column":2},"end":{"line":4,"column":35}},"2":{"start":{"line":4,"column":24},"end":{"line":4,"column":35}},"3":{"start":{"line":6,"column":18},"end":{"line":6,"column":48}},"4":{"start":{"line":7,"column":17},"end":{"line":7,"column":18}},"5":{"start":{"line":8,"column":2},"end":{"line":13,"column":3}},"6":{"start":{"line":8,"column":15},"end":{"line":8,"column":16}},"7":{"start":{"line":9,"column":20},"end":{"line":9,"column":26}},"8":{"start":{"line":10,"column":4},"end":{"line":12,"column":7}},"9":{"start":{"line":11,"column":6},"end":{"line":11,"column":63}},"10":{"start":{"line":11,"column":32},"end":{"line":11,"column":63}},"11":{"start":{"line":15,"column":2},"end":{"line":15,"column":18}}},"fnMap":{"0":{"name":"(anonymous_0)","decl":{"start":{"line":3,"column":18},"end":{"line":3,"column":19}},"loc":{"start":{"line":3,"column":27},"end":{"line":16,"column":1}},"line":3},"1":{"name":"(anonymous_1)","decl":{"start":{"line":10,"column":20},"end":{"line":10,"column":21}},"loc":{"start":{"line":10,"column":29},"end":{"line":12,"column":5}},"line":10}},"branchMap":{"0":{"loc":{"start":{"line":4,"column":2},"end":{"line":4,"column":35}},"type":"if","locations":[{"start":{"line":4,"column":2},"end":{"line":4,"column":35}},{"start":{"line":4,"column":2},"end":{"line":4,"column":35}}],"line":4},"1":{"loc":{"start":{"line":11,"column":6},"end":{"line":11,"column":63}},"type":"if","locations":[{"start":{"line":11,"column":6},"end":{"line":11,"column":63}},{"start":{"line":11,"column":6},"end":{"line":11,"column":63}}],"line":11}},"s":{"0":1,"1":3,"2":1,"3":2,"4":2,"5":2,"6":2,"7":6,"8":6,"9":60,"10":6,"11":2},"f":{"0":3,"1":60},"b":{"0":[1,2],"1":[6,54]},"_coverageSchema":"1a1c01bbd47fc00a2c39e90264f33305004495a9","hash":"045e9074819d39f3d82e9a7e5358329aa2f0a720"}
,"/Users/nickbianco/Desktop/Software Portfolio/expedite/src/string/Replace.js": {"path":"/Users/nickbianco/Desktop/Software Portfolio/expedite/src/string/Replace.js","statementMap":{"0":{"start":{"line":7,"column":16},"end":{"line":16,"column":1}},"1":{"start":{"line":8,"column":2},"end":{"line":8,"column":41}},"2":{"start":{"line":8,"column":27},"end":{"line":8,"column":41}},"3":{"start":{"line":9,"column":16},"end":{"line":9,"column":32}},"4":{"start":{"line":10,"column":2},"end":{"line":14,"column":5}},"5":{"start":{"line":11,"column":4},"end":{"line":13,"column":5}},"6":{"start":{"line":12,"column":6},"end":{"line":12,"column":31}},"7":{"start":{"line":15,"column":2},"end":{"line":15,"column":24}}},"fnMap":{"0":{"name":"(anonymous_0)","decl":{"start":{"line":7,"column":16},"end":{"line":7,"column":17}},"loc":{"start":{"line":7,"column":53},"end":{"line":16,"column":1}},"line":7},"1":{"name":"(anonymous_1)","decl":{"start":{"line":10,"column":16},"end":{"line":10,"column":17}},"loc":{"start":{"line":10,"column":31},"end":{"line":14,"column":3}},"line":10}},"branchMap":{"0":{"loc":{"start":{"line":8,"column":2},"end":{"line":8,"column":41}},"type":"if","locations":[{"start":{"line":8,"column":2},"end":{"line":8,"column":41}},{"start":{"line":8,"column":2},"end":{"line":8,"column":41}}],"line":8},"1":{"loc":{"start":{"line":11,"column":4},"end":{"line":13,"column":5}},"type":"if","locations":[{"start":{"line":11,"column":4},"end":{"line":13,"column":5}},{"start":{"line":11,"column":4},"end":{"line":13,"column":5}}],"line":11}},"s":{"0":1,"1":3,"2":1,"3":2,"4":2,"5":6,"6":2,"7":2},"f":{"0":3,"1":6},"b":{"0":[1,2],"1":[2,4]},"_coverageSchema":"1a1c01bbd47fc00a2c39e90264f33305004495a9","hash":"c3fd707019152f07ded3ebd5f6c61eda5727d499"}
,"/Users/nickbianco/Desktop/Software Portfolio/expedite/src/string/Whisper.js": {"path":"/Users/nickbianco/Desktop/Software Portfolio/expedite/src/string/Whisper.js","statementMap":{"0":{"start":{"line":4,"column":16},"end":{"line":10,"column":1}},"1":{"start":{"line":5,"column":2},"end":{"line":5,"column":39}},"2":{"start":{"line":5,"column":20},"end":{"line":5,"column":39}},"3":{"start":{"line":6,"column":16},"end":{"line":6,"column":38}},"4":{"start":{"line":7,"column":25},"end":{"line":7,"column":64}},"5":{"start":{"line":7,"column":45},"end":{"line":7,"column":63}},"6":{"start":{"line":8,"column":28},"end":{"line":8,"column":60}},"7":{"start":{"line":9,"column":2},"end":{"line":9,"column":27}}},"fnMap":{"0":{"name":"(anonymous_0)","decl":{"start":{"line":4,"column":16},"end":{"line":4,"column":17}},"loc":{"start":{"line":4,"column":33},"end":{"line":10,"column":1}},"line":4},"1":{"name":"(anonymous_1)","decl":{"start":{"line":7,"column":35},"end":{"line":7,"column":36}},"loc":{"start":{"line":7,"column":45},"end":{"line":7,"column":63}},"line":7}},"branchMap":{"0":{"loc":{"start":{"line":5,"column":2},"end":{"line":5,"column":39}},"type":"if","locations":[{"start":{"line":5,"column":2},"end":{"line":5,"column":39}},{"start":{"line":5,"column":2},"end":{"line":5,"column":39}}],"line":5}},"s":{"0":1,"1":2,"2":1,"3":1,"4":1,"5":1,"6":1,"7":1},"f":{"0":2,"1":1},"b":{"0":[1,1]},"_coverageSchema":"1a1c01bbd47fc00a2c39e90264f33305004495a9","hash":"7993f000db286a23ac1c1f089db6a6e85b9f8c0d"}
,"/Users/nickbianco/Desktop/Software Portfolio/expedite/src/string/Yell.js": {"path":"/Users/nickbianco/Desktop/Software Portfolio/expedite/src/string/Yell.js","statementMap":{"0":{"start":{"line":4,"column":13},"end":{"line":10,"column":1}},"1":{"start":{"line":5,"column":2},"end":{"line":5,"column":39}},"2":{"start":{"line":5,"column":20},"end":{"line":5,"column":39}},"3":{"start":{"line":6,"column":16},"end":{"line":6,"column":38}},"4":{"start":{"line":7,"column":22},"end":{"line":7,"column":61}},"5":{"start":{"line":7,"column":42},"end":{"line":7,"column":60}},"6":{"start":{"line":8,"column":25},"end":{"line":8,"column":52}},"7":{"start":{"line":9,"column":2},"end":{"line":9,"column":24}}},"fnMap":{"0":{"name":"(anonymous_0)","decl":{"start":{"line":4,"column":13},"end":{"line":4,"column":14}},"loc":{"start":{"line":4,"column":30},"end":{"line":10,"column":1}},"line":4},"1":{"name":"(anonymous_1)","decl":{"start":{"line":7,"column":32},"end":{"line":7,"column":33}},"loc":{"start":{"line":7,"column":42},"end":{"line":7,"column":60}},"line":7}},"branchMap":{"0":{"loc":{"start":{"line":5,"column":2},"end":{"line":5,"column":39}},"type":"if","locations":[{"start":{"line":5,"column":2},"end":{"line":5,"column":39}},{"start":{"line":5,"column":2},"end":{"line":5,"column":39}}],"line":5}},"s":{"0":1,"1":2,"2":1,"3":1,"4":1,"5":1,"6":1,"7":1},"f":{"0":2,"1":1},"b":{"0":[1,1]},"_coverageSchema":"1a1c01bbd47fc00a2c39e90264f33305004495a9","hash":"adf350dbf4d08062eccf9aced144d80b29bf2125"}
}
